This file contains any messages produced by compilers while
running configure, to aid debugging if configure makes a mistake.

It was created by tylib configure 1.41, which was
generated by GNU Autoconf 2.69.  Invocation command line was

  $ ./configure --prefix=/Users/T.Yoshizawa/cpp_library/tylib --no-create --no-recursion

## --------- ##
## Platform. ##
## --------- ##

hostname = Yoshizawa-PC.local
uname -m = x86_64
uname -r = 15.6.0
uname -s = Darwin
uname -v = Darwin Kernel Version 15.6.0: Tue Jan  9 20:12:05 PST 2018; root:xnu-3248.73.5~1/RELEASE_X86_64

/usr/bin/uname -p = i386
/bin/uname -X     = unknown

/bin/arch              = unknown
/usr/bin/arch -k       = unknown
/usr/convex/getsysinfo = unknown
/usr/bin/hostinfo      = Mach kernel version:
	 Darwin Kernel Version 15.6.0: Tue Jan  9 20:12:05 PST 2018; root:xnu-3248.73.5~1/RELEASE_X86_64
Kernel configured for up to 4 processors.
2 processors are physically available.
4 processors are logically available.
Processor type: x86_64h (Intel x86-64h Haswell)
Processors active: 0 1 2 3
Primary memory available: 4.00 gigabytes
Default processor set: 285 tasks, 1666 threads, 4 processors
Load average: 3.15, Mach factor: 0.89
/bin/machine           = unknown
/usr/bin/oslevel       = unknown
/bin/universe          = unknown

PATH: /usr/local/bin
PATH: /usr/bin
PATH: /bin
PATH: /usr/sbin
PATH: /sbin
PATH: /opt/X11/bin
PATH: /Library/TeX/texbin
PATH: /Users/T.Yoshizawa/sh
PATH: /Users/T.Yoshizawa/cpp_library/HPhi/src
PATH: /Users/T.Yoshizawa/cpp_library/Eigen
PATH: /usr/local/share/openmpi/bin
PATH: /Users/T.Yoshizawa/cpp_library/komega
PATH: /Library/TeX/texbin


## ----------- ##
## Core tests. ##
## ----------- ##

configure:2353: checking for a BSD-compatible install
configure:2421: result: /usr/bin/install -c
configure:2432: checking whether build environment is sane
configure:2487: result: yes
configure:2638: checking for a thread-safe mkdir -p
configure:2677: result: ./install-sh -c -d
configure:2684: checking for gawk
configure:2714: result: no
configure:2684: checking for mawk
configure:2714: result: no
configure:2684: checking for nawk
configure:2714: result: no
configure:2684: checking for awk
configure:2700: found /usr/bin/awk
configure:2711: result: awk
configure:2722: checking whether make sets $(MAKE)
configure:2744: result: yes
configure:2773: checking whether make supports nested variables
configure:2790: result: yes
configure:2979: checking for g++
configure:2995: found /usr/local/bin/g++
configure:3006: result: g++
configure:3033: checking for C++ compiler version
configure:3042: g++ --version >&5
g++ (Homebrew GCC 7.2.0) 7.2.0
Copyright (C) 2017 Free Software Foundation, Inc.
This is free software; see the source for copying conditions.  There is NO
warranty; not even for MERCHANTABILITY or FITNESS FOR A PARTICULAR PURPOSE.

configure:3053: $? = 0
configure:3042: g++ -v >&5
Using built-in specs.
COLLECT_GCC=g++
COLLECT_LTO_WRAPPER=/usr/local/Cellar/gcc/7.2.0/libexec/gcc/x86_64-apple-darwin15.6.0/7.2.0/lto-wrapper
Target: x86_64-apple-darwin15.6.0
Configured with: ../configure --build=x86_64-apple-darwin15.6.0 --prefix=/usr/local/Cellar/gcc/7.2.0 --libdir=/usr/local/Cellar/gcc/7.2.0/lib/gcc/7 --enable-languages=c,c++,objc,obj-c++,fortran --program-suffix=-7 --with-gmp=/usr/local/opt/gmp --with-mpfr=/usr/local/opt/mpfr --with-mpc=/usr/local/opt/libmpc --with-isl=/usr/local/opt/isl --with-system-zlib --enable-checking=release --with-pkgversion='Homebrew GCC 7.2.0' --with-bugurl=https://github.com/Homebrew/homebrew-core/issues --disable-nls
Thread model: posix
gcc version 7.2.0 (Homebrew GCC 7.2.0) 
configure:3053: $? = 0
configure:3042: g++ -V >&5
g++: error: unrecognized command line option '-V'
g++: fatal error: no input files
compilation terminated.
configure:3053: $? = 1
configure:3042: g++ -qversion >&5
g++: error: unrecognized command line option '-qversion'; did you mean '--version'?
g++: fatal error: no input files
compilation terminated.
configure:3053: $? = 1
configure:3073: checking whether the C++ compiler works
configure:3095: g++    conftest.cpp  >&5
configure:3099: $? = 0
configure:3147: result: yes
configure:3150: checking for C++ compiler default output file name
configure:3152: result: a.out
configure:3158: checking for suffix of executables
configure:3165: g++ -o conftest    conftest.cpp  >&5
configure:3169: $? = 0
configure:3191: result: 
configure:3213: checking whether we are cross compiling
configure:3221: g++ -o conftest    conftest.cpp  >&5
configure:3225: $? = 0
configure:3232: ./conftest
configure:3236: $? = 0
configure:3251: result: no
configure:3256: checking for suffix of object files
configure:3278: g++ -c   conftest.cpp >&5
configure:3282: $? = 0
configure:3303: result: o
configure:3307: checking whether we are using the GNU C++ compiler
configure:3326: g++ -c   conftest.cpp >&5
configure:3326: $? = 0
configure:3335: result: yes
configure:3344: checking whether g++ accepts -g
configure:3364: g++ -c -g  conftest.cpp >&5
configure:3364: $? = 0
configure:3405: result: yes
configure:3439: checking for style of include used by make
configure:3467: result: GNU
configure:3493: checking dependency style of g++
configure:3604: result: gcc3
configure:3667: checking for gcc
configure:3683: found /usr/local/bin/gcc
configure:3694: result: gcc
configure:3923: checking for C compiler version
configure:3932: gcc --version >&5
gcc (Homebrew GCC 7.2.0) 7.2.0
Copyright (C) 2017 Free Software Foundation, Inc.
This is free software; see the source for copying conditions.  There is NO
warranty; not even for MERCHANTABILITY or FITNESS FOR A PARTICULAR PURPOSE.

configure:3943: $? = 0
configure:3932: gcc -v >&5
Using built-in specs.
COLLECT_GCC=gcc
COLLECT_LTO_WRAPPER=/usr/local/Cellar/gcc/7.2.0/libexec/gcc/x86_64-apple-darwin15.6.0/7.2.0/lto-wrapper
Target: x86_64-apple-darwin15.6.0
Configured with: ../configure --build=x86_64-apple-darwin15.6.0 --prefix=/usr/local/Cellar/gcc/7.2.0 --libdir=/usr/local/Cellar/gcc/7.2.0/lib/gcc/7 --enable-languages=c,c++,objc,obj-c++,fortran --program-suffix=-7 --with-gmp=/usr/local/opt/gmp --with-mpfr=/usr/local/opt/mpfr --with-mpc=/usr/local/opt/libmpc --with-isl=/usr/local/opt/isl --with-system-zlib --enable-checking=release --with-pkgversion='Homebrew GCC 7.2.0' --with-bugurl=https://github.com/Homebrew/homebrew-core/issues --disable-nls
Thread model: posix
gcc version 7.2.0 (Homebrew GCC 7.2.0) 
configure:3943: $? = 0
configure:3932: gcc -V >&5
gcc: error: unrecognized command line option '-V'
gcc: fatal error: no input files
compilation terminated.
configure:3943: $? = 1
configure:3932: gcc -qversion >&5
gcc: error: unrecognized command line option '-qversion'; did you mean '--version'?
gcc: fatal error: no input files
compilation terminated.
configure:3943: $? = 1
configure:3947: checking whether we are using the GNU C compiler
configure:3966: gcc -c   conftest.c >&5
configure:3966: $? = 0
configure:3975: result: yes
configure:3984: checking whether gcc accepts -g
configure:4004: gcc -c -g  conftest.c >&5
configure:4004: $? = 0
configure:4045: result: yes
configure:4062: checking for gcc option to accept ISO C89
configure:4125: gcc  -c -g -O2  conftest.c >&5
configure:4125: $? = 0
configure:4138: result: none needed
configure:4163: checking whether gcc understands -c and -o together
configure:4185: gcc -c conftest.c -o conftest2.o
configure:4188: $? = 0
configure:4185: gcc -c conftest.c -o conftest2.o
configure:4188: $? = 0
configure:4200: result: yes
configure:4219: checking dependency style of gcc
configure:4330: result: gcc3
configure:4375: checking build system type
configure:4389: result: x86_64-apple-darwin15.6.0
configure:4409: checking host system type
configure:4422: result: x86_64-apple-darwin15.6.0
configure:4463: checking how to print strings
configure:4490: result: printf
configure:4511: checking for a sed that does not truncate output
configure:4575: result: /usr/bin/sed
configure:4593: checking for grep that handles long lines and -e
configure:4651: result: /usr/bin/grep
configure:4656: checking for egrep
configure:4718: result: /usr/bin/grep -E
configure:4723: checking for fgrep
configure:4785: result: /usr/bin/grep -F
configure:4820: checking for ld used by gcc
configure:4887: result: /usr/bin/ld
configure:4894: checking if the linker (/usr/bin/ld) is GNU ld
configure:4909: result: no
configure:4921: checking for BSD- or MS-compatible name lister (nm)
configure:4975: result: /usr/bin/nm -B
configure:5105: checking the name lister (/usr/bin/nm -B) interface
configure:5112: gcc -c -g -O2  conftest.c >&5
configure:5115: /usr/bin/nm -B "conftest.o"
configure:5118: output
0000000000000198 S _some_variable
configure:5125: result: BSD nm
configure:5128: checking whether ln -s works
configure:5132: result: yes
configure:5140: checking the maximum length of command line arguments
configure:5271: result: 196608
configure:5319: checking how to convert x86_64-apple-darwin15.6.0 file names to x86_64-apple-darwin15.6.0 format
configure:5359: result: func_convert_file_noop
configure:5366: checking how to convert x86_64-apple-darwin15.6.0 file names to toolchain format
configure:5386: result: func_convert_file_noop
configure:5393: checking for /usr/bin/ld option to reload object files
configure:5400: result: -r
configure:5474: checking for objdump
configure:5504: result: no
configure:5533: checking how to recognize dependent libraries
configure:5733: result: pass_all
configure:5818: checking for dlltool
configure:5848: result: no
configure:5878: checking how to associate runtime and link libraries
configure:5905: result: printf %s\n
configure:5966: checking for ar
configure:5982: found /usr/bin/ar
configure:5993: result: ar
configure:6030: checking for archiver @FILE support
configure:6047: gcc -c -g -O2  conftest.c >&5
configure:6047: $? = 0
configure:6050: ar cru libconftest.a @conftest.lst >&5
ar: @conftest.lst: No such file or directory
configure:6053: $? = 1
configure:6073: result: no
configure:6131: checking for strip
configure:6147: found /usr/bin/strip
configure:6158: result: strip
configure:6230: checking for ranlib
configure:6246: found /usr/bin/ranlib
configure:6257: result: ranlib
configure:6359: checking command to parse /usr/bin/nm -B output from gcc object
configure:6512: gcc -c -g -O2  conftest.c >&5
configure:6515: $? = 0
configure:6519: /usr/bin/nm -B conftest.o \| sed -n -e 's/^.*[ ]\([BCDEGRST][BCDEGRST]*\)[ ][ ]*\([_A-Za-z][_A-Za-z0-9]*\)$/\1 \2 \2/p' | sed '/ __gnu_lto/d' \> conftest.nm
configure:6522: $? = 0
cannot find nm_test_var in conftest.nm
configure:6512: gcc -c -g -O2  conftest.c >&5
configure:6515: $? = 0
configure:6519: /usr/bin/nm -B conftest.o \| sed -n -e 's/^.*[ ]\([BCDEGRST][BCDEGRST]*\)[ ][ ]*_\([_A-Za-z][_A-Za-z0-9]*\)$/\1 _\2 \2/p' | sed '/ __gnu_lto/d' \> conftest.nm
configure:6522: $? = 0
configure:6588: gcc -o conftest -g -O2   conftest.c conftstm.o >&5
warning: (x86_64)  could not find object file symbol for symbol _main
configure:6591: $? = 0
configure:6629: result: ok
configure:6676: checking for sysroot
configure:6706: result: no
configure:6713: checking for a working dd
configure:6751: result: /bin/dd
configure:6755: checking how to truncate binary pipes
configure:6770: result: /bin/dd bs=4096 count=1
configure:7099: checking for mt
configure:7129: result: no
configure:7149: checking if : is a manifest tool
configure:7155: : '-?'
configure:7163: result: no
configure:7219: checking for dsymutil
configure:7235: found /usr/bin/dsymutil
configure:7246: result: dsymutil
configure:7311: checking for nmedit
configure:7327: found /usr/bin/nmedit
configure:7338: result: nmedit
configure:7403: checking for lipo
configure:7419: found /usr/bin/lipo
configure:7430: result: lipo
configure:7495: checking for otool
configure:7511: found /usr/bin/otool
configure:7522: result: otool
configure:7587: checking for otool64
configure:7617: result: no
configure:7662: checking for -single_module linker flag
gcc -g -O2  -o libconftest.dylib -dynamiclib -Wl,-single_module conftest.c
configure:7695: result: yes
configure:7698: checking for -exported_symbols_list linker flag
configure:7718: gcc -o conftest -g -O2   -Wl,-exported_symbols_list,conftest.sym conftest.c  >&5
configure:7718: $? = 0
configure:7728: result: yes
configure:7731: checking for -force_load linker flag
gcc -g -O2 -c -o conftest.o conftest.c
ar cru libconftest.a conftest.o
ranlib libconftest.a
gcc -g -O2  -o conftest conftest.c -Wl,-force_load,./libconftest.a
configure:7763: result: yes
configure:7840: checking how to run the C preprocessor
configure:7871: gcc -E  conftest.c
configure:7871: $? = 0
configure:7885: gcc -E  conftest.c
conftest.c:11:10: fatal error: ac_nonexistent.h: No such file or directory
 #include <ac_nonexistent.h>
          ^~~~~~~~~~~~~~~~~~
compilation terminated.
configure:7885: $? = 1
configure: failed program was:
| /* confdefs.h */
| #define PACKAGE_NAME "tylib"
| #define PACKAGE_TARNAME "tylib"
| #define PACKAGE_VERSION "1.41"
| #define PACKAGE_STRING "tylib 1.41"
| #define PACKAGE_BUGREPORT ""
| #define PACKAGE_URL ""
| #define PACKAGE "tylib"
| #define VERSION "1.41"
| /* end confdefs.h.  */
| #include <ac_nonexistent.h>
configure:7910: result: gcc -E
configure:7930: gcc -E  conftest.c
configure:7930: $? = 0
configure:7944: gcc -E  conftest.c
conftest.c:11:10: fatal error: ac_nonexistent.h: No such file or directory
 #include <ac_nonexistent.h>
          ^~~~~~~~~~~~~~~~~~
compilation terminated.
configure:7944: $? = 1
configure: failed program was:
| /* confdefs.h */
| #define PACKAGE_NAME "tylib"
| #define PACKAGE_TARNAME "tylib"
| #define PACKAGE_VERSION "1.41"
| #define PACKAGE_STRING "tylib 1.41"
| #define PACKAGE_BUGREPORT ""
| #define PACKAGE_URL ""
| #define PACKAGE "tylib"
| #define VERSION "1.41"
| /* end confdefs.h.  */
| #include <ac_nonexistent.h>
configure:7973: checking for ANSI C header files
configure:7993: gcc -c -g -O2  conftest.c >&5
configure:7993: $? = 0
configure:8066: gcc -o conftest -g -O2   conftest.c  >&5
configure:8066: $? = 0
configure:8066: ./conftest
configure:8066: $? = 0
configure:8077: result: yes
configure:8090: checking for sys/types.h
configure:8090: gcc -c -g -O2  conftest.c >&5
configure:8090: $? = 0
configure:8090: result: yes
configure:8090: checking for sys/stat.h
configure:8090: gcc -c -g -O2  conftest.c >&5
configure:8090: $? = 0
configure:8090: result: yes
configure:8090: checking for stdlib.h
configure:8090: gcc -c -g -O2  conftest.c >&5
configure:8090: $? = 0
configure:8090: result: yes
configure:8090: checking for string.h
configure:8090: gcc -c -g -O2  conftest.c >&5
configure:8090: $? = 0
configure:8090: result: yes
configure:8090: checking for memory.h
configure:8090: gcc -c -g -O2  conftest.c >&5
configure:8090: $? = 0
configure:8090: result: yes
configure:8090: checking for strings.h
configure:8090: gcc -c -g -O2  conftest.c >&5
configure:8090: $? = 0
configure:8090: result: yes
configure:8090: checking for inttypes.h
configure:8090: gcc -c -g -O2  conftest.c >&5
configure:8090: $? = 0
configure:8090: result: yes
configure:8090: checking for stdint.h
configure:8090: gcc -c -g -O2  conftest.c >&5
configure:8090: $? = 0
configure:8090: result: yes
configure:8090: checking for unistd.h
configure:8090: gcc -c -g -O2  conftest.c >&5
configure:8090: $? = 0
configure:8090: result: yes
configure:8104: checking for dlfcn.h
configure:8104: gcc -c -g -O2  conftest.c >&5
configure:8104: $? = 0
configure:8104: result: yes
configure:8371: checking for objdir
configure:8386: result: .libs
configure:8646: checking if gcc supports -fno-rtti -fno-exceptions
configure:8664: gcc -c -g -O2  -fno-rtti -fno-exceptions conftest.c >&5
cc1: warning: command line option '-fno-rtti' is valid for C++/ObjC++ but not for C
configure:8668: $? = 0
configure:8681: result: no
configure:9039: checking for gcc option to produce PIC
configure:9046: result: -fno-common -DPIC
configure:9054: checking if gcc PIC flag -fno-common -DPIC works
configure:9072: gcc -c -g -O2  -fno-common -DPIC -DPIC conftest.c >&5
configure:9076: $? = 0
configure:9089: result: yes
configure:9118: checking if gcc static flag -static works
configure:9146: result: no
configure:9161: checking if gcc supports -c -o file.o
configure:9182: gcc -c -g -O2  -o out/conftest2.o conftest.c >&5
configure:9186: $? = 0
configure:9208: result: yes
configure:9216: checking if gcc supports -c -o file.o
configure:9263: result: yes
configure:9296: checking whether the gcc linker (/usr/bin/ld) supports shared libraries
configure:10555: result: yes
configure:10795: checking dynamic linker characteristics
configure:11613: result: darwin15.6.0 dyld
configure:11735: checking how to hardcode library paths into programs
configure:11760: result: immediate
configure:12308: checking whether stripping libraries is possible
configure:12322: result: yes
configure:12348: checking if libtool supports shared libraries
configure:12350: result: yes
configure:12353: checking whether to build shared libraries
configure:12378: result: yes
configure:12381: checking whether to build static libraries
configure:12385: result: yes
configure:12408: checking how to run the C++ preprocessor
configure:12435: g++ -E  conftest.cpp
configure:12435: $? = 0
configure:12449: g++ -E  conftest.cpp
conftest.cpp:23:10: fatal error: ac_nonexistent.h: No such file or directory
 #include <ac_nonexistent.h>
          ^~~~~~~~~~~~~~~~~~
compilation terminated.
configure:12449: $? = 1
configure: failed program was:
| /* confdefs.h */
| #define PACKAGE_NAME "tylib"
| #define PACKAGE_TARNAME "tylib"
| #define PACKAGE_VERSION "1.41"
| #define PACKAGE_STRING "tylib 1.41"
| #define PACKAGE_BUGREPORT ""
| #define PACKAGE_URL ""
| #define PACKAGE "tylib"
| #define VERSION "1.41"
| #define STDC_HEADERS 1
| #define HAVE_SYS_TYPES_H 1
| #define HAVE_SYS_STAT_H 1
| #define HAVE_STDLIB_H 1
| #define HAVE_STRING_H 1
| #define HAVE_MEMORY_H 1
| #define HAVE_STRINGS_H 1
| #define HAVE_INTTYPES_H 1
| #define HAVE_STDINT_H 1
| #define HAVE_UNISTD_H 1
| #define HAVE_DLFCN_H 1
| #define LT_OBJDIR ".libs/"
| /* end confdefs.h.  */
| #include <ac_nonexistent.h>
configure:12474: result: g++ -E
configure:12494: g++ -E  conftest.cpp
configure:12494: $? = 0
configure:12508: g++ -E  conftest.cpp
conftest.cpp:23:10: fatal error: ac_nonexistent.h: No such file or directory
 #include <ac_nonexistent.h>
          ^~~~~~~~~~~~~~~~~~
compilation terminated.
configure:12508: $? = 1
configure: failed program was:
| /* confdefs.h */
| #define PACKAGE_NAME "tylib"
| #define PACKAGE_TARNAME "tylib"
| #define PACKAGE_VERSION "1.41"
| #define PACKAGE_STRING "tylib 1.41"
| #define PACKAGE_BUGREPORT ""
| #define PACKAGE_URL ""
| #define PACKAGE "tylib"
| #define VERSION "1.41"
| #define STDC_HEADERS 1
| #define HAVE_SYS_TYPES_H 1
| #define HAVE_SYS_STAT_H 1
| #define HAVE_STDLIB_H 1
| #define HAVE_STRING_H 1
| #define HAVE_MEMORY_H 1
| #define HAVE_STRINGS_H 1
| #define HAVE_INTTYPES_H 1
| #define HAVE_STDINT_H 1
| #define HAVE_UNISTD_H 1
| #define HAVE_DLFCN_H 1
| #define LT_OBJDIR ".libs/"
| /* end confdefs.h.  */
| #include <ac_nonexistent.h>
configure:12670: checking for ld used by g++
configure:12737: result: /usr/bin/ld
configure:12744: checking if the linker (/usr/bin/ld) is GNU ld
configure:12759: result: no
configure:12814: checking whether the g++ linker (/usr/bin/ld) supports shared libraries
configure:13887: result: yes
configure:13923: g++ -c -g -O2  conftest.cpp >&5
configure:13926: $? = 0
configure:14407: checking for g++ option to produce PIC
configure:14414: result: -fno-common -DPIC
configure:14422: checking if g++ PIC flag -fno-common -DPIC works
configure:14440: g++ -c -g -O2  -fno-common -DPIC -DPIC conftest.cpp >&5
configure:14444: $? = 0
configure:14457: result: yes
configure:14480: checking if g++ static flag -static works
configure:14508: result: no
configure:14520: checking if g++ supports -c -o file.o
configure:14541: g++ -c -g -O2  -o out/conftest2.o conftest.cpp >&5
configure:14545: $? = 0
configure:14567: result: yes
configure:14572: checking if g++ supports -c -o file.o
configure:14619: result: yes
configure:14649: checking whether the g++ linker (/usr/bin/ld) supports shared libraries
configure:14689: result: yes
configure:14830: checking dynamic linker characteristics
configure:15575: result: darwin15.6.0 dyld
configure:15640: checking how to hardcode library paths into programs
configure:15665: result: immediate
configure:15733: checking for stdbool.h that conforms to C99
configure:15800: gcc -c -g -O2  conftest.c >&5
configure:15800: $? = 0
configure:15807: result: yes
configure:15809: checking for _Bool
configure:15809: gcc -c -g -O2  conftest.c >&5
configure:15809: $? = 0
configure:15809: gcc -c -g -O2  conftest.c >&5
conftest.c: In function 'main':
conftest.c:59:20: error: expected expression before ')' token
 if (sizeof ((_Bool)))
                    ^
configure:15809: $? = 1
configure: failed program was:
| /* confdefs.h */
| #define PACKAGE_NAME "tylib"
| #define PACKAGE_TARNAME "tylib"
| #define PACKAGE_VERSION "1.41"
| #define PACKAGE_STRING "tylib 1.41"
| #define PACKAGE_BUGREPORT ""
| #define PACKAGE_URL ""
| #define PACKAGE "tylib"
| #define VERSION "1.41"
| #define STDC_HEADERS 1
| #define HAVE_SYS_TYPES_H 1
| #define HAVE_SYS_STAT_H 1
| #define HAVE_STDLIB_H 1
| #define HAVE_STRING_H 1
| #define HAVE_MEMORY_H 1
| #define HAVE_STRINGS_H 1
| #define HAVE_INTTYPES_H 1
| #define HAVE_STDINT_H 1
| #define HAVE_UNISTD_H 1
| #define HAVE_DLFCN_H 1
| #define LT_OBJDIR ".libs/"
| /* end confdefs.h.  */
| #include <stdio.h>
| #ifdef HAVE_SYS_TYPES_H
| # include <sys/types.h>
| #endif
| #ifdef HAVE_SYS_STAT_H
| # include <sys/stat.h>
| #endif
| #ifdef STDC_HEADERS
| # include <stdlib.h>
| # include <stddef.h>
| #else
| # ifdef HAVE_STDLIB_H
| #  include <stdlib.h>
| # endif
| #endif
| #ifdef HAVE_STRING_H
| # if !defined STDC_HEADERS && defined HAVE_MEMORY_H
| #  include <memory.h>
| # endif
| # include <string.h>
| #endif
| #ifdef HAVE_STRINGS_H
| # include <strings.h>
| #endif
| #ifdef HAVE_INTTYPES_H
| # include <inttypes.h>
| #endif
| #ifdef HAVE_STDINT_H
| # include <stdint.h>
| #endif
| #ifdef HAVE_UNISTD_H
| # include <unistd.h>
| #endif
| int
| main ()
| {
| if (sizeof ((_Bool)))
| 	    return 0;
|   ;
|   return 0;
| }
configure:15809: result: yes
configure:15825: checking for pow
configure:15825: gcc -o conftest -g -O2   conftest.c  >&5
conftest.c:47:6: warning: conflicting types for built-in function 'pow' [-Wbuiltin-declaration-mismatch]
 char pow ();
      ^~~
configure:15825: $? = 0
configure:15825: result: yes
configure:15825: checking for sqrt
configure:15825: gcc -o conftest -g -O2   conftest.c  >&5
conftest.c:48:6: warning: conflicting types for built-in function 'sqrt' [-Wbuiltin-declaration-mismatch]
 char sqrt ();
      ^~~~
configure:15825: $? = 0
configure:15825: result: yes
configure:15946: checking that generated files are newer than configure
configure:15952: result: done
configure:15979: creating ./config.status

## ---------------- ##
## Cache variables. ##
## ---------------- ##

ac_cv_build=x86_64-apple-darwin15.6.0
ac_cv_c_compiler_gnu=yes
ac_cv_cxx_compiler_gnu=yes
ac_cv_env_CCC_set=
ac_cv_env_CCC_value=
ac_cv_env_CC_set=
ac_cv_env_CC_value=
ac_cv_env_CFLAGS_set=
ac_cv_env_CFLAGS_value=
ac_cv_env_CPPFLAGS_set=
ac_cv_env_CPPFLAGS_value=
ac_cv_env_CPP_set=
ac_cv_env_CPP_value=
ac_cv_env_CXXCPP_set=
ac_cv_env_CXXCPP_value=
ac_cv_env_CXXFLAGS_set=
ac_cv_env_CXXFLAGS_value=
ac_cv_env_CXX_set=
ac_cv_env_CXX_value=
ac_cv_env_LDFLAGS_set=
ac_cv_env_LDFLAGS_value=
ac_cv_env_LIBS_set=
ac_cv_env_LIBS_value=
ac_cv_env_LT_SYS_LIBRARY_PATH_set=
ac_cv_env_LT_SYS_LIBRARY_PATH_value=
ac_cv_env_build_alias_set=
ac_cv_env_build_alias_value=
ac_cv_env_host_alias_set=
ac_cv_env_host_alias_value=
ac_cv_env_target_alias_set=
ac_cv_env_target_alias_value=
ac_cv_func_pow=yes
ac_cv_func_sqrt=yes
ac_cv_header_dlfcn_h=yes
ac_cv_header_inttypes_h=yes
ac_cv_header_memory_h=yes
ac_cv_header_stdbool_h=yes
ac_cv_header_stdc=yes
ac_cv_header_stdint_h=yes
ac_cv_header_stdlib_h=yes
ac_cv_header_string_h=yes
ac_cv_header_strings_h=yes
ac_cv_header_sys_stat_h=yes
ac_cv_header_sys_types_h=yes
ac_cv_header_unistd_h=yes
ac_cv_host=x86_64-apple-darwin15.6.0
ac_cv_objext=o
ac_cv_path_EGREP='/usr/bin/grep -E'
ac_cv_path_FGREP='/usr/bin/grep -F'
ac_cv_path_GREP=/usr/bin/grep
ac_cv_path_SED=/usr/bin/sed
ac_cv_path_install='/usr/bin/install -c'
ac_cv_path_lt_DD=/bin/dd
ac_cv_prog_AWK=awk
ac_cv_prog_CPP='gcc -E'
ac_cv_prog_CXXCPP='g++ -E'
ac_cv_prog_ac_ct_AR=ar
ac_cv_prog_ac_ct_CC=gcc
ac_cv_prog_ac_ct_CXX=g++
ac_cv_prog_ac_ct_DSYMUTIL=dsymutil
ac_cv_prog_ac_ct_LIPO=lipo
ac_cv_prog_ac_ct_NMEDIT=nmedit
ac_cv_prog_ac_ct_OTOOL=otool
ac_cv_prog_ac_ct_RANLIB=ranlib
ac_cv_prog_ac_ct_STRIP=strip
ac_cv_prog_cc_c89=
ac_cv_prog_cc_g=yes
ac_cv_prog_cxx_g=yes
ac_cv_prog_make_make_set=yes
ac_cv_type__Bool=yes
am_cv_CC_dependencies_compiler_type=gcc3
am_cv_CXX_dependencies_compiler_type=gcc3
am_cv_make_support_nested_variables=yes
am_cv_prog_cc_c_o=yes
lt_cv_apple_cc_single_mod=yes
lt_cv_ar_at_file=no
lt_cv_deplibs_check_method=pass_all
lt_cv_file_magic_cmd='$MAGIC_CMD'
lt_cv_file_magic_test_file=
lt_cv_ld_exported_symbols_list=yes
lt_cv_ld_force_load=yes
lt_cv_ld_reload_flag=-r
lt_cv_nm_interface='BSD nm'
lt_cv_objdir=.libs
lt_cv_path_LD=/usr/bin/ld
lt_cv_path_LDCXX=/usr/bin/ld
lt_cv_path_NM='/usr/bin/nm -B'
lt_cv_path_mainfest_tool=no
lt_cv_prog_compiler_c_o=yes
lt_cv_prog_compiler_c_o_CXX=yes
lt_cv_prog_compiler_pic='-fno-common -DPIC'
lt_cv_prog_compiler_pic_CXX='-fno-common -DPIC'
lt_cv_prog_compiler_pic_works=yes
lt_cv_prog_compiler_pic_works_CXX=yes
lt_cv_prog_compiler_rtti_exceptions=no
lt_cv_prog_compiler_static_works=no
lt_cv_prog_compiler_static_works_CXX=no
lt_cv_prog_gnu_ld=no
lt_cv_prog_gnu_ldcxx=no
lt_cv_sharedlib_from_linklib_cmd='printf %s\n'
lt_cv_sys_global_symbol_pipe='sed -n -e '\''s/^.*[	 ]\([BCDEGRST][BCDEGRST]*\)[	 ][	 ]*_\([_A-Za-z][_A-Za-z0-9]*\)$/\1 _\2 \2/p'\'' | sed '\''/ __gnu_lto/d'\'''
lt_cv_sys_global_symbol_to_c_name_address='sed -n -e '\''s/^: \(.*\) .*$/  {"\1", (void *) 0},/p'\'' -e '\''s/^[BCDEGRST][BCDEGRST]* .* \(.*\)$/  {"\1", (void *) \&\1},/p'\'''
lt_cv_sys_global_symbol_to_c_name_address_lib_prefix='sed -n -e '\''s/^: \(.*\) .*$/  {"\1", (void *) 0},/p'\'' -e '\''s/^[BCDEGRST][BCDEGRST]* .* \(lib.*\)$/  {"\1", (void *) \&\1},/p'\'' -e '\''s/^[BCDEGRST][BCDEGRST]* .* \(.*\)$/  {"lib\1", (void *) \&\1},/p'\'''
lt_cv_sys_global_symbol_to_cdecl='sed -n -e '\''s/^T .* \(.*\)$/extern int \1();/p'\'' -e '\''s/^[BCDEGRST][BCDEGRST]* .* \(.*\)$/extern char \1;/p'\'''
lt_cv_sys_global_symbol_to_import=
lt_cv_sys_max_cmd_len=196608
lt_cv_to_host_file_cmd=func_convert_file_noop
lt_cv_to_tool_file_cmd=func_convert_file_noop
lt_cv_truncate_bin='/bin/dd bs=4096 count=1'

## ----------------- ##
## Output variables. ##
## ----------------- ##

ACLOCAL='${SHELL} /Users/T.Yoshizawa/Dropbox/tylib_1.41/missing aclocal-1.15'
AMDEPBACKSLASH='\'
AMDEP_FALSE='#'
AMDEP_TRUE=''
AMTAR='$${TAR-tar}'
AM_BACKSLASH='\'
AM_DEFAULT_V='$(AM_DEFAULT_VERBOSITY)'
AM_DEFAULT_VERBOSITY='1'
AM_V='$(V)'
AR='ar'
AUTOCONF='${SHELL} /Users/T.Yoshizawa/Dropbox/tylib_1.41/missing autoconf'
AUTOHEADER='${SHELL} /Users/T.Yoshizawa/Dropbox/tylib_1.41/missing autoheader'
AUTOMAKE='${SHELL} /Users/T.Yoshizawa/Dropbox/tylib_1.41/missing automake-1.15'
AWK='awk'
CC='gcc'
CCDEPMODE='depmode=gcc3'
CFLAGS='-g -O2'
CPP='gcc -E'
CPPFLAGS=''
CXX='g++'
CXXCPP='g++ -E'
CXXDEPMODE='depmode=gcc3'
CXXFLAGS='-g -O2'
CYGPATH_W='echo'
DEFS='-DHAVE_CONFIG_H'
DEPDIR='.deps'
DLLTOOL='false'
DSYMUTIL='dsymutil'
DUMPBIN=''
ECHO_C='\c'
ECHO_N=''
ECHO_T=''
EGREP='/usr/bin/grep -E'
EXEEXT=''
FGREP='/usr/bin/grep -F'
GREP='/usr/bin/grep'
INSTALL_DATA='${INSTALL} -m 644'
INSTALL_PROGRAM='${INSTALL}'
INSTALL_SCRIPT='${INSTALL}'
INSTALL_STRIP_PROGRAM='$(install_sh) -c -s'
LD='/usr/bin/ld'
LDFLAGS=''
LIBOBJS=''
LIBS=''
LIBTOOL='$(SHELL) $(top_builddir)/libtool'
LIPO='lipo'
LN_S='ln -s'
LTLIBOBJS=''
LT_SYS_LIBRARY_PATH=''
MAKEINFO='${SHELL} /Users/T.Yoshizawa/Dropbox/tylib_1.41/missing makeinfo'
MANIFEST_TOOL=':'
MKDIR_P='./install-sh -c -d'
NM='/usr/bin/nm -B'
NMEDIT='nmedit'
OBJDUMP='false'
OBJEXT='o'
OTOOL64=':'
OTOOL='otool'
PACKAGE='tylib'
PACKAGE_BUGREPORT=''
PACKAGE_NAME='tylib'
PACKAGE_STRING='tylib 1.41'
PACKAGE_TARNAME='tylib'
PACKAGE_URL=''
PACKAGE_VERSION='1.41'
PATH_SEPARATOR=':'
RANLIB='ranlib'
SED='/usr/bin/sed'
SET_MAKE=''
SHELL='/bin/sh'
STRIP='strip'
VERSION='1.41'
ac_ct_AR='ar'
ac_ct_CC='gcc'
ac_ct_CXX='g++'
ac_ct_DUMPBIN=''
am__EXEEXT_FALSE=''
am__EXEEXT_TRUE='#'
am__fastdepCC_FALSE='#'
am__fastdepCC_TRUE=''
am__fastdepCXX_FALSE='#'
am__fastdepCXX_TRUE=''
am__include='include'
am__isrc=''
am__leading_dot='.'
am__nodep='_no'
am__quote=''
am__tar='$${TAR-tar} chof - "$$tardir"'
am__untar='$${TAR-tar} xf -'
bindir='${exec_prefix}/bin'
build='x86_64-apple-darwin15.6.0'
build_alias=''
build_cpu='x86_64'
build_os='darwin15.6.0'
build_vendor='apple'
datadir='${datarootdir}'
datarootdir='${prefix}/share'
docdir='${datarootdir}/doc/${PACKAGE_TARNAME}'
dvidir='${docdir}'
exec_prefix='${prefix}'
host='x86_64-apple-darwin15.6.0'
host_alias=''
host_cpu='x86_64'
host_os='darwin15.6.0'
host_vendor='apple'
htmldir='${docdir}'
includedir='${prefix}/include'
infodir='${datarootdir}/info'
install_sh='${SHELL} /Users/T.Yoshizawa/Dropbox/tylib_1.41/install-sh'
libdir='${exec_prefix}/lib'
libexecdir='${exec_prefix}/libexec'
localedir='${datarootdir}/locale'
localstatedir='${prefix}/var'
mandir='${datarootdir}/man'
mkdir_p='$(MKDIR_P)'
oldincludedir='/usr/include'
pdfdir='${docdir}'
prefix='/Users/T.Yoshizawa/cpp_library/tylib'
program_transform_name='s,x,x,'
psdir='${docdir}'
sbindir='${exec_prefix}/sbin'
sharedstatedir='${prefix}/com'
sysconfdir='${prefix}/etc'
target_alias=''

## ----------- ##
## confdefs.h. ##
## ----------- ##

/* confdefs.h */
#define PACKAGE_NAME "tylib"
#define PACKAGE_TARNAME "tylib"
#define PACKAGE_VERSION "1.41"
#define PACKAGE_STRING "tylib 1.41"
#define PACKAGE_BUGREPORT ""
#define PACKAGE_URL ""
#define PACKAGE "tylib"
#define VERSION "1.41"
#define STDC_HEADERS 1
#define HAVE_SYS_TYPES_H 1
#define HAVE_SYS_STAT_H 1
#define HAVE_STDLIB_H 1
#define HAVE_STRING_H 1
#define HAVE_MEMORY_H 1
#define HAVE_STRINGS_H 1
#define HAVE_INTTYPES_H 1
#define HAVE_STDINT_H 1
#define HAVE_UNISTD_H 1
#define HAVE_DLFCN_H 1
#define LT_OBJDIR ".libs/"
#define HAVE__BOOL 1
#define HAVE_POW 1
#define HAVE_SQRT 1

configure: exit 0

## ---------------------- ##
## Running config.status. ##
## ---------------------- ##

This file was extended by tylib config.status 1.41, which was
generated by GNU Autoconf 2.69.  Invocation command line was

  CONFIG_FILES    = 
  CONFIG_HEADERS  = 
  CONFIG_LINKS    = 
  CONFIG_COMMANDS = 
  $ ./config.status 

on Yoshizawa-PC.local

config.status:1147: creating Makefile
config.status:1147: creating src/Makefile
config.status:1147: creating config.h
config.status:1376: executing depfiles commands
config.status:1376: executing libtool commands

## ---------------------- ##
## Running config.status. ##
## ---------------------- ##

This file was extended by tylib config.status 1.41, which was
generated by GNU Autoconf 2.69.  Invocation command line was

  CONFIG_FILES    = 
  CONFIG_HEADERS  = 
  CONFIG_LINKS    = 
  CONFIG_COMMANDS = 
  $ ./config.status config.h

on Yoshizawa-PC.local

config.status:1147: creating config.h
config.status:1328: config.h is unchanged
